<?xml version="1.0" encoding="UTF-8"?>
<!-- Generated by org.testng.reporters.JUnitXMLReporter -->
<testsuite ignored="0" hostname="MacBook-Pro-van-Gunpreet.local" failures="0" tests="2" name="Default test" time="21.339" errors="0" timestamp="2025-04-05T17:34:17 IST">
  <testcase classname="com.qa.testcases.ListingUpload.AddListingUpload" name="display" time="4.521"/>
  <testcase classname="com.qa.testcases.ListingUpload.AddListingUpload" name="listingUpload" time="10.98"/>
</testsuite> <!-- Default test -->
