<?xml version="1.0" encoding="UTF-8"?>
<!-- Generated by org.testng.reporters.JUnitXMLReporter -->
<testsuite ignored="0" hostname="MacBook-Pro-van-Gunpreet.local" failures="0" tests="2" name="Free CRM App Test Cases" time="30.692" errors="0" timestamp="2025-04-14T17:23:07 IST">
  <testcase classname="com.qa.testcases.ListingUpload.AddListingUpload" name="display" time="4.226"/>
  <testcase classname="com.qa.testcases.ListingUpload.AddListingUpload" name="listingUpload" time="10.412"/>
</testsuite> <!-- Free CRM App Test Cases -->
