<?xml version="1.0" encoding="UTF-8"?>
<testng-results ignored="0" total="2" passed="2" failed="0" skipped="0">
  <reporter-output>
  </reporter-output>
  <suite started-at="2025-04-14T17:22:32 IST" name="Seller Automation" finished-at="2025-04-14T17:23:02 IST" duration-ms="30692">
    <groups>
    </groups>
    <test started-at="2025-04-14T17:22:32 IST" name="Free CRM App Test Cases" finished-at="2025-04-14T17:23:02 IST" duration-ms="30692">
      <class name="com.qa.testcases.ListingUpload.AddListingUpload">
        <test-method is-config="true" signature="setUp()[pri:0, instance:com.qa.testcases.ListingUpload.AddListingUpload@292b08d6]" started-at="2025-04-14T17:22:32 IST" name="setUp" finished-at="2025-04-14T17:22:45 IST" duration-ms="13382" status="PASS">
          <reporter-output>
          </reporter-output>
        </test-method> <!-- setUp -->
        <test-method signature="display()[pri:1, instance:com.qa.testcases.ListingUpload.AddListingUpload@292b08d6]" started-at="2025-04-14T17:22:45 IST" name="display" finished-at="2025-04-14T17:22:49 IST" duration-ms="4226" status="PASS">
          <reporter-output>
          </reporter-output>
        </test-method> <!-- display -->
        <test-method is-config="true" signature="tear()[pri:0, instance:com.qa.testcases.ListingUpload.AddListingUpload@292b08d6]" started-at="2025-04-14T17:22:49 IST" name="tear" finished-at="2025-04-14T17:22:50 IST" duration-ms="206" status="PASS">
          <reporter-output>
          </reporter-output>
        </test-method> <!-- tear -->
        <test-method is-config="true" signature="setUp()[pri:0, instance:com.qa.testcases.ListingUpload.AddListingUpload@292b08d6]" started-at="2025-04-14T17:22:50 IST" name="setUp" finished-at="2025-04-14T17:22:52 IST" duration-ms="2221" status="PASS">
          <reporter-output>
          </reporter-output>
        </test-method> <!-- setUp -->
        <test-method signature="listingUpload()[pri:2, instance:com.qa.testcases.ListingUpload.AddListingUpload@292b08d6]" started-at="2025-04-14T17:22:52 IST" name="listingUpload" finished-at="2025-04-14T17:23:02 IST" depends-on-methods="com.qa.testcases.ListingUpload.AddListingUpload.display" duration-ms="10412" status="PASS">
          <reporter-output>
          </reporter-output>
        </test-method> <!-- listingUpload -->
        <test-method is-config="true" signature="tear()[pri:0, instance:com.qa.testcases.ListingUpload.AddListingUpload@292b08d6]" started-at="2025-04-14T17:23:02 IST" name="tear" finished-at="2025-04-14T17:23:02 IST" duration-ms="203" status="PASS">
          <reporter-output>
          </reporter-output>
        </test-method> <!-- tear -->
      </class> <!-- com.qa.testcases.ListingUpload.AddListingUpload -->
    </test> <!-- Free CRM App Test Cases -->
  </suite> <!-- Seller Automation -->
</testng-results>
